<?xml version='1.0' encoding='UTF-8' ?>
<testsuite name="com.example.breadheadsinventorymanager.ItemDetailsActivityTest" tests="2" failures="2" errors="0" skipped="0" time="9.506" timestamp="2023-11-10T00:07:55" hostname="localhost">
  <properties>
    <property name="device" value="Pixel_3_API_UpsideDownCakePrivacySandbox(AVD) - 14" />
    <property name="flavor" value="" />
    <property name="project" value=":app" />
  </properties>
  <testcase name="testItemDetailsActivityInfo" classname="com.example.breadheadsinventorymanager.ItemDetailsActivityTest" time="5.117">
    <failure>androidx.test.espresso.NoMatchingViewException: No views in hierarchy found matching: an instance of android.widget.TextView and view.getText() with or without transformation to match: is "Sample Item"
If the target view is not part of the view hierarchy, you may need to use Espresso.onData to load it from one of the following AdapterViews:android.widget.ListView{3946a17 V.ED.VC.. ........ 44,11-1036,1668 #7f080102 app:id/items_main_list aid=1073741837}

View Hierarchy:
+&gt;DecorView{id=-1, visibility=VISIBLE, width=1080, height=2160, has-focus=false, has-focusable=true, has-window-focus=true, is-clickable=false, is-enabled=true, is-focused=false, is-focusable=false, is-layout-requested=false, is-selected=false, layout-params={(0,0)(fillxfill) ty=BASE_APPLICATION wanim=0x10302fe
fl=LAYOUT_IN_SCREEN LAYOUT_INSET_DECOR SPLIT_TOUCH HARDWARE_ACCELERATED DRAWS_SYSTEM_BAR_BACKGROUNDS
pfl=NO_MOVE_ANIMATION FORCE_DRAW_STATUS_BAR_BACKGROUND FIT_INSETS_CONTROLLED
bhv=DEFAULT
fitSides=}, tag=null, root-is-layout-requested=true, has-input-connection=false, x=0.0, y=0.0, child-count=3}
|
+-&gt;LinearLayout{id=-1, visibility=VISIBLE, width=1080, height=2094, has-focus=false, has-focusable=true, has-window-focus=true, is-clickable=false, is-enabled=true, is-focused=false, is-focusable=false, is-layout-requested=true, is-selected=false, layout-params=android.widget.FrameLayout$LayoutParams&#64;YYYYYY, tag=null, root-is-layout-requested=true, has-input-connection=false, x=0.0, y=0.0, child-count=2}
|
+--&gt;ViewStub{id=16908746, res-name=action_mode_bar_stub, visibility=GONE, width=0, height=0, has-focus=false, has-focusable=false, has-window-focus=true, is-clickable=false, is-enabled=true, is-focused=false, is-focusable=false, is-layout-requested=true, is-selected=false, layout-params=android.widget.LinearLayout$LayoutParams&#64;YYYYYY, tag=null, root-is-layout-requested=true, has-input-connection=false, x=0.0, y=0.0}
|
+--&gt;FrameLayout{id=-1, visibility=VISIBLE, width=1080, height=2028, has-focus=false, has-focusable=true, has-window-focus=true, is-clickable=false, is-enabled=true, is-focused=false, is-focusable=false, is-layout-requested=true, is-selected=false, layout-params=android.widget.LinearLayout$LayoutParams&#64;YYYYYY, tag=null, root-is-layout-requested=true, has-input-connection=false, x=0.0, y=66.0, child-count=1}
|
+---&gt;ActionBarOverlayLayout{id=2131230874, res-name=decor_content_parent, visibility=VISIBLE, width=1080, height=2028, has-focus=false, has-focusable=true, has-window-focus=true, is-clickable=false, is-enabled=true, is-focused=false, is-focusable=false, is-layout-requested=true, is-selected=false, layout-params=android.widget.FrameLayout$LayoutParams&#64;YYYYYY, tag=null, root-is-layout-requested=true, has-input-connection=false, x=0.0, y=0.0, child-count=2}
|
+----&gt;ContentFrameLayout{id=16908290, res-name=content, visibility=VISIBLE, width=1080, height=1874, has-focus=false, has-focusable=true, has-window-focus=true, is-clickable=false, is-enabled=true, is-focused=false, is-focusable=false, is-layout-requested=true, is-selected=false, layout-params=androidx.appcompat.widget.ActionBarOverlayLayout$LayoutParams&#64;YYYYYY, tag=null, root-is-layout-requested=true, has-input-connection=false, x=0.0, y=154.0, child-count=1}
|
+-----&gt;ConstraintLayout{id=-1, visibility=VISIBLE, width=1080, height=1874, has-focus=false, has-focusable=true, has-window-focus=true, is-clickable=false, is-enabled=true, is-focused=false, is-focusable=false, is-layout-requested=true, is-selected=false, layout-params=android.widget.FrameLayout$LayoutParams&#64;YYYYYY, tag=null, root-is-layout-requested=true, has-input-connection=false, x=0.0, y=0.0, child-count=12}
|
+------&gt;AppCompatTextView{id=2131230994, res-name=main_activity_bottom_bar, visibility=VISIBLE, width=1080, height=206, has-focus=false, has-focusable=false, has-window-focus=true, is-clickable=false, is-enabled=true, is-focused=false, is-focusable=false, is-layout-requested=false, is-selected=false, layout-params=androidx.constraintlayout.widget.ConstraintLayout$LayoutParams&#64;YYYYYY, tag=null, root-is-layout-requested=true, has-input-connection=false, x=0.0, y=1668.0, text=, input-type=0, ime-target=false, has-links=false}
|
+------&gt;SearchView{id=2131231149, res-name=search_view, visibility=GONE, width=0, height=0, has-focus=false, has-focusable=false, has-window-focus=true, is-clickable=false, is-enabled=true, is-focused=false, is-focusable=true, is-layout-requested=true, is-selected=false, layout-params=androidx.constraintlayout.widget.ConstraintLayout$LayoutParams&#64;YYYYYY, tag=null, root-is-layout-requested=true, has-input-connection=false, x=0.0, y=0.0, child-count=1}
|
+-------&gt;LinearLayout{id=16909473, res-name=search_bar, visibility=VISIBLE, width=0, height=0, has-focus=false, has-focusable=true, has-window-focus=true, is-clickable=false, is-enabled=true, is-focused=false, is-focusable=false, is-layout-requested=true, is-selected=false, layout-params=android.widget.LinearLayout$LayoutParams&#64;YYYYYY, tag=null, root-is-layout-requested=true, has-input-connection=false, x=0.0, y=0.0, child-count=3}
|
+--------&gt;AppCompatTextView{id=16909472, res-name=search_badge, visibility=GONE, width=0, height=0, has-focus=false, has-focusable=false, has-window-focus=true, is-clickable=false, is-enabled=true, is-focused=false, is-focusable=false, is-layout-requested=true, is-selected=false, layout-params=android.widget.LinearLayout$LayoutParams&#64;YYYYYY, tag=null, root-is-layout-requested=true, has-input-connection=false, x=0.0, y=0.0, text=, input-type=0, ime-target=false, has-links=false}
|
+--------&gt;AppCompatImageView{id=16909474, res-name=search_button, desc=Search, visibility=VISIBLE, width=0, height=0, has-focus=false, has-focusable=true, has-window-focus=true, is-clickable=true, is-enabled=true, is-focused=false, is-focusable=true, is-layout-requested=true, is-selected=false, layout-params=android.widget.LinearLayout$LayoutParams&#64;YYYYYY, tag=null, root-is-layout-requested=true, has-input-connection=false, x=0.0, y=0.0}
|
+--------&gt;LinearLayout{id=16909476, res-name=search_edit_frame, visibility=GONE, width=0, height=0, has-focus=false, has-focusable=false, has-window-focus=true, is-clickable=false, is-enabled=true, is-focused=false, is-focusable=false, is-layout-requested=true, is-selected=false, layout-params=android.widget.LinearLayout$LayoutParams&#64;YYYYYY, tag=null, root-is-layout-requested=true, has-input-connection=false, x=0.0, y=0.0, child-count=3}
|
+---------&gt;AppCompatImageView{id=16909478, res-name=search_mag_icon, visibility=GONE, width=0, height=0, has-focus=false, has-focusable=false, has-window-focus=true, is-clickable=false, is-enabled=true, is-focused=false, is-focusable=false, is-layout-requested=true, is-selected=false, layout-params=android.widget.LinearLayout$LayoutParams&#64;YYYYYY, tag=null, root-is-layout-requested=true, has-input-connection=false, x=0.0, y=0.0}
|
+---------&gt;LinearLayout{id=16909479, res-name=search_plate, visibility=VISIBLE, width=0, height=0, has-focus=false, has-focusable=true, has-window-focus=true, is-clickable=false, is-enabled=true, is-focused=false, is-focusable=false, is-layout-requested=true, is-selected=false, layout-params=android.widget.LinearLayout$LayoutParams&#64;YYYYYY, tag=null, root-is-layout-requested=true, has-input-connection=false, x=0.0, y=0.0, child-count=2}
|
+----------&gt;SearchAutoComplete{id=16909480, res-name=search_src_text, visibility=VISIBLE, width=0, height=0, has-focus=false, has-focusable=true, has-window-focus=true, is-clickable=true, is-enabled=true, is-focused=false, is-focusable=true, is-layout-requested=true, is-selected=false, layout-params=android.widget.LinearLayout$LayoutParams&#64;YYYYYY, tag=null, root-is-layout-requested=true, has-input-connection=true, editor-info=[inputType=0x90001 imeOptions=0x3 privateImeOptions=null actionLabel=null actionId=0 initialSelStart=0 initialSelEnd=0 initialToolType=0 initialCapsMode=0x0 hintText=    label=null packageName=null autofillId=null fieldId=0 fieldName=null extras=null hintLocales=null supportedHandwritingGestureTypes=SELECT|SELECT_RANGE|INSERT|DELETE|DELETE_RANGE|REMOVE_SPACE|JOIN_OR_SPLIT supportedHandwritingGesturePreviewTypes=SELECT|SELECT_RANGE|DELETE|DELETE_RANGE contentMimeTypes=null ], x=0.0, y=0.0, text=, hint=   , input-type=589825, ime-target=false, has-links=false}
|
+----------&gt;AppCompatImageView{id=16909475, res-name=search_close_btn, desc=Clear query, visibility=VISIBLE, width=0, height=0, has-focus=false, has-focusable=true, has-window-focus=true, is-clickable=true, is-enabled=true, is-focused=false, is-focusable=true, is-layout-requested=true, is-selected=false, layout-params=android.widget.LinearLayout$LayoutParams&#64;YYYYYY, tag=null, root-is-layout-requested=true, has-input-connection=false, x=0.0, y=0.0}
|
+---------&gt;LinearLayout{id=16909579, res-name=submit_area, visibility=GONE, width=0, height=0, has-focus=false, has-focusable=false, has-window-focus=true, is-clickable=false, is-enabled=true, is-focused=false, is-focusable=false, is-layout-requested=true, is-selected=false, layout-params=android.widget.LinearLayout$LayoutParams&#64;YYYYYY, tag=null, root-is-layout-requested=true, has-input-connection=false, x=0.0, y=0.0, child-count=2}
|
+----------&gt;AppCompatImageView{id=16909477, res-name=search_go_btn, desc=Submit query, visibility=GONE, width=0, height=0, has-focus=false, has-focusable=false, has-window-focus=true, is-clickable=true, is-enabled=true, is-focused=false, is-focusable=true, is-layout-requested=true, is-selected=false, layout-params=android.widget.LinearLayout$LayoutParams&#64;YYYYYY, tag=null, root-is-layout-requested=true, has-input-connection=false, x=0.0, y=0.0}
|
+----------&gt;AppCompatImageView{id=16909482, res-name=search_voice_btn, desc=Voice search, visibility=GONE, width=0, height=0, has-focus=false, has-focusable=false, has-window-focus=true, is-clickable=true, is-enabled=true, is-focused=false, is-focusable=true, is-layout-requested=true, is-selected=false, layout-params=android.widget.LinearLayout$LayoutParams&#64;YYYYYY, tag=null, root-is-layout-requested=true, has-input-connection=false, x=0.0, y=0.0}
|
+------&gt;AppCompatEditText{id=2131230925, res-name=filter_date_start, visibility=GONE, width=0, height=0, has-focus=false, has-focusable=false, has-window-focus=true, is-clickable=true, is-enabled=true, is-focused=false, is-focusable=true, is-layout-requested=true, is-selected=false, layout-params=androidx.constraintlayout.widget.ConstraintLayout$LayoutParams&#64;YYYYYY, tag=null, root-is-layout-requested=true, has-input-connection=true, editor-info=[inputType=0x14 imeOptions=0x6 privateImeOptions=null actionLabel=null actionId=0 initialSelStart=0 initialSelEnd=0 initialToolType=0 initialCapsMode=0x0 hintText=Start: DD/MM/YYYY label=null packageName=null autofillId=null fieldId=0 fieldName=null extras=Bundle[{android.support.text.emoji.emojiCompat_metadataVersion=9, android.support.text.emoji.emojiCompat_replaceAll=false}] hintLocales=null supportedHandwritingGestureTypes=SELECT|SELECT_RANGE|INSERT|DELETE|DELETE_RANGE|REMOVE_SPACE|JOIN_OR_SPLIT supportedHandwritingGesturePreviewTypes=SELECT|SELECT_RANGE|DELETE|DELETE_RANGE contentMimeTypes=null ], x=0.0, y=0.0, text=, hint=Start: DD/MM/YYYY, input-type=20, ime-target=false, has-links=false}
|
+------&gt;AppCompatEditText{id=2131230924, res-name=filter_date_end, visibility=GONE, width=0, height=0, has-focus=false, has-focusable=false, has-window-focus=true, is-clickable=true, is-enabled=true, is-focused=false, is-focusable=true, is-layout-requested=true, is-selected=false, layout-params=androidx.constraintlayout.widget.ConstraintLayout$LayoutParams&#64;YYYYYY, tag=null, root-is-layout-requested=true, has-input-connection=true, editor-info=[inputType=0x14 imeOptions=0x6 privateImeOptions=null actionLabel=null actionId=0 initialSelStart=0 initialSelEnd=0 initialToolType=0 initialCapsMode=0x0 hintText=End: DD/MM/YYYY label=null packageName=null autofillId=null fieldId=0 fieldName=null extras=Bundle[{android.support.text.emoji.emojiCompat_metadataVersion=9, android.support.text.emoji.emojiCompat_replaceAll=false}] hintLocales=null supportedHandwritingGestureTypes=SELECT|SELECT_RANGE|INSERT|DELETE|DELETE_RANGE|REMOVE_SPACE|JOIN_OR_SPLIT supportedHandwritingGesturePreviewTypes=SELECT|SELECT_RANGE|DELETE|DELETE_RANGE contentMimeTypes=null ], x=0.0, y=0.0, text=, hint=End: DD/MM/YYYY, input-type=20, ime-target=false, has-links=false}
|
+------&gt;ListView{id=2131230978, res-name=items_main_list, visibility=VISIBLE, width=992, height=1657, has-focus=false, has-focusable=true, has-window-focus=true, is-clickable=true, is-enabled=true, is-focused=false, is-focusable=true, is-layout-requested=true, is-selected=false, layout-params=androidx.constraintlayout.widget.ConstraintLayout$LayoutParams&#64;YYYYYY, tag=null, root-is-layout-requested=true, has-input-connection=false, x=44.0, y=11.0, child-count=0}
|
+------&gt;AppCompatButton{id=2131231154, res-name=select_mode_confirm, visibility=INVISIBLE, width=242, height=132, has-focus=false, has-focusable=false, has-window-focus=true, is-clickable=false, is-enabled=true, is-focused=false, is-focusable=true, is-layout-requested=false, is-selected=false, layout-params=androidx.constraintlayout.widget.ConstraintLayout$LayoutParams&#64;YYYYYY, tag=null, root-is-layout-requested=true, has-input-connection=false, x=596.0, y=1536.0, text=Confirm, input-type=0, ime-target=false, has-links=false}
|
+------&gt;AppCompatButton{id=2131231153, res-name=select_mode_cancel, visibility=INVISIBLE, width=242, height=132, has-focus=false, has-focusable=false, has-window-focus=true, is-clickable=false, is-enabled=true, is-focused=false, is-focusable=true, is-layout-requested=false, is-selected=false, layout-params=androidx.constraintlayout.widget.ConstraintLayout$LayoutParams&#64;YYYYYY, tag=null, root-is-layout-requested=true, has-input-connection=false, x=838.0, y=1536.0, text=Cancel, input-type=0, ime-target=false, has-links=false}
|
+------&gt;AppCompatTextView{id=2131230964, res-name=invalid_date_message, visibility=GONE, width=0, height=0, has-focus=false, has-focusable=false, has-window-focus=true, is-clickable=false, is-enabled=true, is-focused=false, is-focusable=false, is-layout-requested=true, is-selected=false, layout-params=androidx.constraintlayout.widget.ConstraintLayout$LayoutParams&#64;YYYYYY, tag=null, root-is-layout-requested=true, has-input-connection=false, x=0.0, y=0.0, text=Invalid Date Range, input-type=0, ime-target=false, has-links=false}
|
+------&gt;AppCompatButton{id=2131230870, res-name=date_filter_button, visibility=GONE, width=0, height=0, has-focus=false, has-focusable=false, has-window-focus=true, is-clickable=true, is-enabled=true, is-focused=false, is-focusable=true, is-layout-requested=true, is-selected=false, layout-params=androidx.constraintlayout.widget.ConstraintLayout$LayoutParams&#64;YYYYYY, tag=null, root-is-layout-requested=true, has-input-connection=false, x=0.0, y=0.0, text=Filter, input-type=0, ime-target=false, has-links=false}
|
+------&gt;AppCompatTextView{id=2131231242, res-name=total_value, visibility=VISIBLE, width=439, height=74, has-focus=false, has-focusable=false, has-window-focus=true, is-clickable=false, is-enabled=true, is-focused=false, is-focusable=false, is-layout-requested=true, is-selected=false, layout-params=androidx.constraintlayout.widget.ConstraintLayout$LayoutParams&#64;YYYYYY, tag=null, root-is-layout-requested=true, has-input-connection=false, x=597.0, y=1734.0, text=Total Value: $1000.00, input-type=0, ime-target=false, has-links=false}
|
+------&gt;AppCompatImageButton{id=2131231171, res-name=sort_button, desc=Sort, visibility=VISIBLE, width=154, height=142, has-focus=false, has-focusable=true, has-window-focus=true, is-clickable=true, is-enabled=true, is-focused=false, is-focusable=true, is-layout-requested=false, is-selected=false, layout-params=androidx.constraintlayout.widget.ConstraintLayout$LayoutParams&#64;YYYYYY, tag=null, root-is-layout-requested=true, has-input-connection=false, x=44.0, y=1700.0}
|
+------&gt;AppCompatButton{id=2131231176, res-name=sort_order_button, visibility=VISIBLE, width=242, height=132, has-focus=false, has-focusable=true, has-window-focus=true, is-clickable=true, is-enabled=true, is-focused=false, is-focusable=true, is-layout-requested=false, is-selected=false, layout-params=androidx.constraintlayout.widget.ConstraintLayout$LayoutParams&#64;YYYYYY, tag=null, root-is-layout-requested=true, has-input-connection=false, x=198.0, y=1705.0, text=Ascending, input-type=0, ime-target=false, has-links=false}
|
+----&gt;ActionBarContainer{id=2131230774, res-name=action_bar_container, visibility=VISIBLE, width=1080, height=154, has-focus=false, has-focusable=false, has-window-focus=true, is-clickable=false, is-enabled=true, is-focused=false, is-focusable=false, is-layout-requested=false, is-selected=false, layout-params=androidx.appcompat.widget.ActionBarOverlayLayout$LayoutParams&#64;YYYYYY, tag=null, root-is-layout-requested=true, has-input-connection=false, x=0.0, y=0.0, child-count=2}
|
+-----&gt;Toolbar{id=2131230772, res-name=action_bar, visibility=VISIBLE, width=1080, height=154, has-focus=false, has-focusable=false, has-window-focus=true, is-clickable=false, is-enabled=true, is-focused=false, is-focusable=false, is-layout-requested=false, is-selected=false, layout-params=android.widget.FrameLayout$LayoutParams&#64;YYYYYY, tag=null, root-is-layout-requested=true, has-input-connection=false, x=0.0, y=0.0, child-count=2}
|
+------&gt;AppCompatImageButton{id=-1, desc=Navigate up, visibility=VISIBLE, width=198, height=154, has-focus=false, has-focusable=false, has-window-focus=true, is-clickable=true, is-enabled=true, is-focused=false, is-focusable=true, is-layout-requested=false, is-selected=false, layout-params=androidx.appcompat.widget.Toolbar$LayoutParams&#64;YYYYYY, tag=null, root-is-layout-requested=true, has-input-connection=false, x=0.0, y=0.0}
|
+------&gt;ActionMenuView{id=-1, visibility=VISIBLE, width=616, height=154, has-focus=false, has-focusable=false, has-window-focus=true, is-clickable=false, is-enabled=true, is-focused=false, is-focusable=false, is-layout-requested=false, is-selected=false, layout-params=androidx.appcompat.widget.Toolbar$LayoutParams&#64;YYYYYY, tag=null, root-is-layout-requested=true, has-input-connection=false, x=464.0, y=0.0, child-count=4}
|
+-------&gt;ActionMenuItemView{id=2131230876, res-name=delete_item, desc=delete item, visibility=VISIBLE, width=154, height=132, has-focus=false, has-focusable=false, has-window-focus=true, is-clickable=true, is-enabled=true, is-focused=false, is-focusable=true, is-layout-requested=false, is-selected=false, layout-params=androidx.appcompat.widget.ActionMenuView$LayoutParams&#64;YYYYYY, tag=null, root-is-layout-requested=true, has-input-connection=false, x=0.0, y=11.0, text=, input-type=0, ime-target=false, has-links=false}
|
+-------&gt;ActionMenuItemView{id=2131230926, res-name=filter_popup, desc=filter, visibility=VISIBLE, width=154, height=132, has-focus=false, has-focusable=false, has-window-focus=true, is-clickable=true, is-enabled=true, is-focused=false, is-focusable=true, is-layout-requested=false, is-selected=false, layout-params=androidx.appcompat.widget.ActionMenuView$LayoutParams&#64;YYYYYY, tag=null, root-is-layout-requested=true, has-input-connection=false, x=154.0, y=11.0, text=, input-type=0, ime-target=false, has-links=false}
|
+-------&gt;ActionMenuItemView{id=2131231145, res-name=search_list, desc=Search, visibility=VISIBLE, width=154, height=132, has-focus=false, has-focusable=false, has-window-focus=true, is-clickable=true, is-enabled=true, is-focused=false, is-focusable=true, is-layout-requested=false, is-selected=false, layout-params=androidx.appcompat.widget.ActionMenuView$LayoutParams&#64;YYYYYY, tag=null, root-is-layout-requested=true, has-input-connection=false, x=308.0, y=11.0, text=, input-type=0, ime-target=false, has-links=false}
|
+-------&gt;ActionMenuItemView{id=2131230793, res-name=add_item, desc=Add Item, visibility=VISIBLE, width=154, height=132, has-focus=false, has-focusable=false, has-window-focus=true, is-clickable=true, is-enabled=true, is-focused=false, is-focusable=true, is-layout-requested=false, is-selected=false, layout-params=androidx.appcompat.widget.ActionMenuView$LayoutParams&#64;YYYYYY, tag=null, root-is-layout-requested=true, has-input-connection=false, x=462.0, y=11.0, text=, input-type=0, ime-target=false, has-links=false}
|
+-----&gt;ActionBarContextView{id=2131230780, res-name=action_context_bar, visibility=GONE, width=0, height=0, has-focus=false, has-focusable=false, has-window-focus=true, is-clickable=false, is-enabled=true, is-focused=false, is-focusable=false, is-layout-requested=true, is-selected=false, layout-params=android.widget.FrameLayout$LayoutParams&#64;YYYYYY, tag=null, root-is-layout-requested=true, has-input-connection=false, x=0.0, y=0.0, child-count=0}
|
+-&gt;View{id=16908336, res-name=navigationBarBackground, visibility=VISIBLE, width=1080, height=66, has-focus=false, has-focusable=false, has-window-focus=true, is-clickable=false, is-enabled=true, is-focused=false, is-focusable=false, is-layout-requested=false, is-selected=false, layout-params=android.widget.FrameLayout$LayoutParams&#64;YYYYYY, tag=null, root-is-layout-requested=true, has-input-connection=false, x=0.0, y=2094.0}
|
+-&gt;View{id=16908335, res-name=statusBarBackground, visibility=VISIBLE, width=1080, height=66, has-focus=false, has-focusable=false, has-window-focus=true, is-clickable=false, is-enabled=true, is-focused=false, is-focusable=false, is-layout-requested=false, is-selected=false, layout-params=android.widget.FrameLayout$LayoutParams&#64;YYYYYY, tag=null, root-is-layout-requested=true, has-input-connection=false, x=0.0, y=0.0}
The complete view hierarchy is available in artifact file 'view-hierarchy-1.txt'.
at androidx.test.espresso.NoMatchingViewException$Builder.build(NoMatchingViewException.java:5)
at androidx.test.espresso.base.DefaultFailureHandler.lambda$getNoMatchingViewExceptionTruncater$0(DefaultFailureHandler.java:5)
at androidx.test.espresso.base.DefaultFailureHandler$$ExternalSyntheticLambda1.truncateExceptionMessage(Unknown Source:2)
at androidx.test.espresso.base.ViewHierarchyExceptionHandler.handleSafely(ViewHierarchyExceptionHandler.java:5)
at androidx.test.espresso.base.ViewHierarchyExceptionHandler.handleSafely(ViewHierarchyExceptionHandler.java:1)
at androidx.test.espresso.base.DefaultFailureHandler$TypedFailureHandler.handle(DefaultFailureHandler.java:4)
at androidx.test.espresso.base.DefaultFailureHandler.handle(DefaultFailureHandler.java:5)
at androidx.test.espresso.ViewInteraction.waitForAndHandleInteractionResults(ViewInteraction.java:8)
at androidx.test.espresso.ViewInteraction.desugaredPerform(ViewInteraction.java:11)
at androidx.test.espresso.ViewInteraction.perform(ViewInteraction.java:8)
at com.example.breadheadsinventorymanager.ItemDetailsActivityTest.testItemDetailsActivityInfo(ItemDetailsActivityTest.java:43)</failure>
  </testcase>
  <testcase name="testBackButton" classname="com.example.breadheadsinventorymanager.ItemDetailsActivityTest" time="3.05">
    <failure>androidx.test.espresso.AmbiguousViewMatcherException: 'an instance of android.widget.TextView and view.getText() with or without transformation to match: is "Sample Item"' matches 2 views in the hierarchy:
- [1] TextView{id=2131230972, res-name=item_description_text, visibility=VISIBLE, width=992, height=157, has-focus=false, has-focusable=false, has-window-focus=true, is-clickable=false, is-enabled=true, is-focused=false, is-focusable=false, is-layout-requested=false, is-selected=false, layout-params=androidx.constraintlayout.widget.ConstraintLayout$LayoutParams&#64;YYYYYY, tag=null, root-is-layout-requested=false, has-input-connection=false, x=0.0, y=0.0, text=Sample Item, input-type=0, ime-target=false, has-links=false}
- [2] TextView{id=2131230972, res-name=item_description_text, visibility=VISIBLE, width=992, height=157, has-focus=false, has-focusable=false, has-window-focus=true, is-clickable=false, is-enabled=true, is-focused=false, is-focusable=false, is-layout-requested=false, is-selected=false, layout-params=androidx.constraintlayout.widget.ConstraintLayout$LayoutParams&#64;YYYYYY, tag=null, root-is-layout-requested=false, has-input-connection=false, x=0.0, y=0.0, text=Sample Item, input-type=0, ime-target=false, has-links=false}
Problem views are marked with '****MATCHES****' below.

View Hierarchy:
+&gt;DecorView{id=-1, visibility=VISIBLE, width=1080, height=2160, has-focus=false, has-focusable=true, has-window-focus=true, is-clickable=false, is-enabled=true, is-focused=false, is-focusable=false, is-layout-requested=false, is-selected=false, layout-params={(0,0)(fillxfill) ty=BASE_APPLICATION wanim=0x10302fe
fl=LAYOUT_IN_SCREEN LAYOUT_INSET_DECOR SPLIT_TOUCH HARDWARE_ACCELERATED DRAWS_SYSTEM_BAR_BACKGROUNDS
pfl=NO_MOVE_ANIMATION FORCE_DRAW_STATUS_BAR_BACKGROUND FIT_INSETS_CONTROLLED
bhv=DEFAULT
fitSides=}, tag=null, root-is-layout-requested=false, has-input-connection=false, x=0.0, y=0.0, child-count=3}
|
+-&gt;LinearLayout{id=-1, visibility=VISIBLE, width=1080, height=2094, has-focus=false, has-focusable=true, has-window-focus=true, is-clickable=false, is-enabled=true, is-focused=false, is-focusable=false, is-layout-requested=false, is-selected=false, layout-params=android.widget.FrameLayout$LayoutParams&#64;YYYYYY, tag=null, root-is-layout-requested=false, has-input-connection=false, x=0.0, y=0.0, child-count=2}
|
+--&gt;ViewStub{id=16908746, res-name=action_mode_bar_stub, visibility=GONE, width=0, height=0, has-focus=false, has-focusable=false, has-window-focus=true, is-clickable=false, is-enabled=true, is-focused=false, is-focusable=false, is-layout-requested=true, is-selected=false, layout-params=android.widget.LinearLayout$LayoutParams&#64;YYYYYY, tag=null, root-is-layout-requested=false, has-input-connection=false, x=0.0, y=0.0}
|
+--&gt;FrameLayout{id=-1, visibility=VISIBLE, width=1080, height=2028, has-focus=false, has-focusable=true, has-window-focus=true, is-clickable=false, is-enabled=true, is-focused=false, is-focusable=false, is-layout-requested=false, is-selected=false, layout-params=android.widget.LinearLayout$LayoutParams&#64;YYYYYY, tag=null, root-is-layout-requested=false, has-input-connection=false, x=0.0, y=66.0, child-count=1}
|
+---&gt;ActionBarOverlayLayout{id=2131230874, res-name=decor_content_parent, visibility=VISIBLE, width=1080, height=2028, has-focus=false, has-focusable=true, has-window-focus=true, is-clickable=false, is-enabled=true, is-focused=false, is-focusable=false, is-layout-requested=false, is-selected=false, layout-params=android.widget.FrameLayout$LayoutParams&#64;YYYYYY, tag=null, root-is-layout-requested=false, has-input-connection=false, x=0.0, y=0.0, child-count=2}
|
+----&gt;ContentFrameLayout{id=16908290, res-name=content, visibility=VISIBLE, width=1080, height=1874, has-focus=false, has-focusable=true, has-window-focus=true, is-clickable=false, is-enabled=true, is-focused=false, is-focusable=false, is-layout-requested=false, is-selected=false, layout-params=androidx.appcompat.widget.ActionBarOverlayLayout$LayoutParams&#64;YYYYYY, tag=null, root-is-layout-requested=false, has-input-connection=false, x=0.0, y=154.0, child-count=1}
|
+-----&gt;ConstraintLayout{id=-1, visibility=VISIBLE, width=1080, height=1874, has-focus=false, has-focusable=true, has-window-focus=true, is-clickable=false, is-enabled=true, is-focused=false, is-focusable=false, is-layout-requested=false, is-selected=false, layout-params=android.widget.FrameLayout$LayoutParams&#64;YYYYYY, tag=null, root-is-layout-requested=false, has-input-connection=false, x=0.0, y=0.0, child-count=12}
|
+------&gt;AppCompatTextView{id=2131230994, res-name=main_activity_bottom_bar, visibility=VISIBLE, width=1080, height=206, has-focus=false, has-focusable=false, has-window-focus=true, is-clickable=false, is-enabled=true, is-focused=false, is-focusable=false, is-layout-requested=false, is-selected=false, layout-params=androidx.constraintlayout.widget.ConstraintLayout$LayoutParams&#64;YYYYYY, tag=null, root-is-layout-requested=false, has-input-connection=false, x=0.0, y=1668.0, text=, input-type=0, ime-target=false, has-links=false}
|
+------&gt;SearchView{id=2131231149, res-name=search_view, visibility=GONE, width=0, height=0, has-focus=false, has-focusable=false, has-window-focus=true, is-clickable=false, is-enabled=true, is-focused=false, is-focusable=true, is-layout-requested=true, is-selected=false, layout-params=androidx.constraintlayout.widget.ConstraintLayout$LayoutParams&#64;YYYYYY, tag=null, root-is-layout-requested=false, has-input-connection=false, x=0.0, y=0.0, child-count=1}
|
+-------&gt;LinearLayout{id=16909473, res-name=search_bar, visibility=VISIBLE, width=0, height=0, has-focus=false, has-focusable=true, has-window-focus=true, is-clickable=false, is-enabled=true, is-focused=false, is-focusable=false, is-layout-requested=true, is-selected=false, layout-params=android.widget.LinearLayout$LayoutParams&#64;YYYYYY, tag=null, root-is-layout-requested=false, has-input-connection=false, x=0.0, y=0.0, child-count=3}
|
+--------&gt;AppCompatTextView{id=16909472, res-name=search_badge, visibility=GONE, width=0, height=0, has-focus=false, has-focusable=false, has-window-focus=true, is-clickable=false, is-enabled=true, is-focused=false, is-focusable=false, is-layout-requested=true, is-selected=false, layout-params=android.widget.LinearLayout$LayoutParams&#64;YYYYYY, tag=null, root-is-layout-requested=false, has-input-connection=false, x=0.0, y=0.0, text=, input-type=0, ime-target=false, has-links=false}
|
+--------&gt;AppCompatImageView{id=16909474, res-name=search_button, desc=Search, visibility=VISIBLE, width=0, height=0, has-focus=false, has-focusable=true, has-window-focus=true, is-clickable=true, is-enabled=true, is-focused=false, is-focusable=true, is-layout-requested=true, is-selected=false, layout-params=android.widget.LinearLayout$LayoutParams&#64;YYYYYY, tag=null, root-is-layout-requested=false, has-input-connection=false, x=0.0, y=0.0}
|
+--------&gt;LinearLayout{id=16909476, res-name=search_edit_frame, visibility=GONE, width=0, height=0, has-focus=false, has-focusable=false, has-window-focus=true, is-clickable=false, is-enabled=true, is-focused=false, is-focusable=false, is-layout-requested=true, is-selected=false, layout-params=android.widget.LinearLayout$LayoutParams&#64;YYYYYY, tag=null, root-is-layout-requested=false, has-input-connection=false, x=0.0, y=0.0, child-count=3}
|
+---------&gt;AppCompatImageView{id=16909478, res-name=search_mag_icon, visibility=GONE, width=0, height=0, has-focus=false, has-focusable=false, has-window-focus=true, is-clickable=false, is-enabled=true, is-focused=false, is-focusable=false, is-layout-requested=true, is-selected=false, layout-params=android.widget.LinearLayout$LayoutParams&#64;YYYYYY, tag=null, root-is-layout-requested=false, has-input-connection=false, x=0.0, y=0.0}
|
+---------&gt;LinearLayout{id=16909479, res-name=search_plate, visibility=VISIBLE, width=0, height=0, has-focus=false, has-focusable=true, has-window-focus=true, is-clickable=false, is-enabled=true, is-focused=false, is-focusable=false, is-layout-requested=true, is-selected=false, layout-params=android.widget.LinearLayout$LayoutParams&#64;YYYYYY, tag=null, root-is-layout-requested=false, has-input-connection=false, x=0.0, y=0.0, child-count=2}
|
+----------&gt;SearchAutoComplete{id=16909480, res-name=search_src_text, visibility=VISIBLE, width=0, height=0, has-focus=false, has-focusable=true, has-window-focus=true, is-clickable=true, is-enabled=true, is-focused=false, is-focusable=true, is-layout-requested=true, is-selected=false, layout-params=android.widget.LinearLayout$LayoutParams&#64;YYYYYY, tag=null, root-is-layout-requested=false, has-input-connection=true, editor-info=[inputType=0x90001 imeOptions=0x3 privateImeOptions=null actionLabel=null actionId=0 initialSelStart=0 initialSelEnd=0 initialToolType=0 initialCapsMode=0x0 hintText=    label=null packageName=null autofillId=null fieldId=0 fieldName=null extras=null hintLocales=null supportedHandwritingGestureTypes=SELECT|SELECT_RANGE|INSERT|DELETE|DELETE_RANGE|REMOVE_SPACE|JOIN_OR_SPLIT supportedHandwritingGesturePreviewTypes=SELECT|SELECT_RANGE|DELETE|DELETE_RANGE contentMimeTypes=null ], x=0.0, y=0.0, text=, hint=   , input-type=589825, ime-target=false, has-links=false}
|
+----------&gt;AppCompatImageView{id=16909475, res-name=search_close_btn, desc=Clear query, visibility=VISIBLE, width=0, height=0, has-focus=false, has-focusable=true, has-window-focus=true, is-clickable=true, is-enabled=true, is-focused=false, is-focusable=true, is-layout-requested=true, is-selected=false, layout-params=android.widget.LinearLayout$LayoutParams&#64;YYYYYY, tag=null, root-is-layout-requested=false, has-input-connection=false, x=0.0, y=0.0}
|
+---------&gt;LinearLayout{id=16909579, res-name=submit_area, visibility=GONE, width=0, height=0, has-focus=false, has-focusable=false, has-window-focus=true, is-clickable=false, is-enabled=true, is-focused=false, is-focusable=false, is-layout-requested=true, is-selected=false, layout-params=android.widget.LinearLayout$LayoutParams&#64;YYYYYY, tag=null, root-is-layout-requested=false, has-input-connection=false, x=0.0, y=0.0, child-count=2}
|
+----------&gt;AppCompatImageView{id=16909477, res-name=search_go_btn, desc=Submit query, visibility=GONE, width=0, height=0, has-focus=false, has-focusable=false, has-window-focus=true, is-clickable=true, is-enabled=true, is-focused=false, is-focusable=true, is-layout-requested=true, is-selected=false, layout-params=android.widget.LinearLayout$LayoutParams&#64;YYYYYY, tag=null, root-is-layout-requested=false, has-input-connection=false, x=0.0, y=0.0}
|
+----------&gt;AppCompatImageView{id=16909482, res-name=search_voice_btn, desc=Voice search, visibility=GONE, width=0, height=0, has-focus=false, has-focusable=false, has-window-focus=true, is-clickable=true, is-enabled=true, is-focused=false, is-focusable=true, is-layout-requested=true, is-selected=false, layout-params=android.widget.LinearLayout$LayoutParams&#64;YYYYYY, tag=null, root-is-layout-requested=false, has-input-connection=false, x=0.0, y=0.0}
|
+------&gt;AppCompatEditText{id=2131230925, res-name=filter_date_start, visibility=GONE, width=0, height=0, has-focus=false, has-focusable=false, has-window-focus=true, is-clickable=true, is-enabled=true, is-focused=false, is-focusable=true, is-layout-requested=true, is-selected=false, layout-params=androidx.constraintlayout.widget.ConstraintLayout$LayoutParams&#64;YYYYYY, tag=null, root-is-layout-requested=false, has-input-connection=true, editor-info=[inputType=0x14 imeOptions=0x6 privateImeOptions=null actionLabel=null actionId=0 initialSelStart=0 initialSelEnd=0 initialToolType=0 initialCapsMode=0x0 hintText=Start: DD/MM/YYYY label=null packageName=null autofillId=null fieldId=0 fieldName=null extras=Bundle[{android.support.text.emoji.emojiCompat_metadataVersion=9, android.support.text.emoji.emojiCompat_replaceAll=false}] hintLocales=null supportedHandwritingGestureTypes=SELECT|SELECT_RANGE|INSERT|DELETE|DELETE_RANGE|REMOVE_SPACE|JOIN_OR_SPLIT supportedHandwritingGesturePreviewTypes=SELECT|SELECT_RANGE|DELETE|DELETE_RANGE contentMimeTypes=null ], x=0.0, y=0.0, text=, hint=Start: DD/MM/YYYY, input-type=20, ime-target=false, has-links=false}
|
+------&gt;AppCompatEditText{id=2131230924, res-name=filter_date_end, visibility=GONE, width=0, height=0, has-focus=false, has-focusable=false, has-window-focus=true, is-clickable=true, is-enabled=true, is-focused=false, is-focusable=true, is-layout-requested=true, is-selected=false, layout-params=androidx.constraintlayout.widget.ConstraintLayout$LayoutParams&#64;YYYYYY, tag=null, root-is-layout-requested=false, has-input-connection=true, editor-info=[inputType=0x14 imeOptions=0x6 privateImeOptions=null actionLabel=null actionId=0 initialSelStart=0 initialSelEnd=0 initialToolType=0 initialCapsMode=0x0 hintText=End: DD/MM/YYYY label=null packageName=null autofillId=null fieldId=0 fieldName=null extras=Bundle[{android.support.text.emoji.emojiCompat_metadataVersion=9, android.support.text.emoji.emojiCompat_replaceAll=false}] hintLocales=null supportedHandwritingGestureTypes=SELECT|SELECT_RANGE|INSERT|DELETE|DELETE_RANGE|REMOVE_SPACE|JOIN_OR_SPLIT supportedHandwritingGesturePreviewTypes=SELECT|SELECT_RANGE|DELETE|DELETE_RANGE contentMimeTypes=null ], x=0.0, y=0.0, text=, hint=End: DD/MM/YYYY, input-type=20, ime-target=false, has-links=false}
|
+------&gt;ListView{id=2131230978, res-name=items_main_list, visibility=VISIBLE, width=992, height=1657, has-focus=false, has-focusable=true, has-window-focus=true, is-clickable=true, is-enabled=true, is-focused=false, is-focusable=true, is-layout-requested=false, is-selected=false, layout-params=androidx.constraintlayout.widget.ConstraintLayout$LayoutParams&#64;YYYYYY, tag=null, root-is-layout-requested=false, has-input-connection=false, x=44.0, y=11.0, child-count=2}
|
+-------&gt;ConstraintLayout{id=2131230990, res-name=linearLayout, visibility=VISIBLE, width=992, height=529, has-focus=false, has-focusable=false, has-window-focus=true, is-clickable=false, is-enabled=true, is-focused=false, is-focusable=false, is-layout-requested=false, is-selected=false, layout-params=android.widget.AbsListView$LayoutParams&#64;YYYYYY, tag=null, root-is-layout-requested=false, has-input-connection=false, x=0.0, y=0.0, child-count=6}
|
+--------&gt;TextView{id=2131230972, res-name=item_description_text, visibility=VISIBLE, width=992, height=157, has-focus=false, has-focusable=false, has-window-focus=true, is-clickable=false, is-enabled=true, is-focused=false, is-focusable=false, is-layout-requested=false, is-selected=false, layout-params=androidx.constraintlayout.widget.ConstraintLayout$LayoutParams&#64;YYYYYY, tag=null, root-is-layout-requested=false, has-input-connection=false, x=0.0, y=0.0, text=Sample Item, input-type=0, ime-target=false, has-links=false} ****MATCHES****
|
+--------&gt;TextView{id=2131230973, res-name=item_make_text, visibility=VISIBLE, width=992, height=84, has-focus=false, has-focusable=false, has-window-focus=true, is-clickable=false, is-enabled=true, is-focused=false, is-focusable=false, is-layout-requested=false, is-selected=false, layout-params=androidx.constraintlayout.widget.ConstraintLayout$LayoutParams&#64;YYYYYY, tag=null, root-is-layout-requested=false, has-input-connection=false, x=0.0, y=157.0, text=Sample Make, input-type=0, ime-target=false, has-links=false}
|
+--------&gt;TextView{id=2131230974, res-name=item_model_text, visibility=VISIBLE, width=992, height=84, has-focus=false, has-focusable=false, has-window-focus=true, is-clickable=false, is-enabled=true, is-focused=false, is-focusable=false, is-layout-requested=false, is-selected=false, layout-params=androidx.constraintlayout.widget.ConstraintLayout$LayoutParams&#64;YYYYYY, tag=null, root-is-layout-requested=false, has-input-connection=false, x=0.0, y=241.0, text=Sample Model, input-type=0, ime-target=false, has-links=false}
|
+--------&gt;TextView{id=2131230970, res-name=item_acquisition_date_text, visibility=VISIBLE, width=992, height=84, has-focus=false, has-focusable=false, has-window-focus=true, is-clickable=false, is-enabled=true, is-focused=false, is-focusable=false, is-layout-requested=false, is-selected=false, layout-params=androidx.constraintlayout.widget.ConstraintLayout$LayoutParams&#64;YYYYYY, tag=null, root-is-layout-requested=false, has-input-connection=false, x=0.0, y=325.0, text=01/01/2023, input-type=0, ime-target=false, has-links=false}
|
+--------&gt;TextView{id=2131230977, res-name=item_value_text, visibility=VISIBLE, width=992, height=120, has-focus=false, has-focusable=false, has-window-focus=true, is-clickable=false, is-enabled=true, is-focused=false, is-focusable=false, is-layout-requested=false, is-selected=false, layout-params=androidx.constraintlayout.widget.ConstraintLayout$LayoutParams&#64;YYYYYY, tag=null, root-is-layout-requested=false, has-input-connection=false, x=0.0, y=409.0, text=$1000.00, input-type=0, ime-target=false, has-links=false}
|
+--------&gt;CheckBox{id=2131230838, res-name=checkBox, visibility=INVISIBLE, width=144, height=110, has-focus=false, has-focusable=false, has-window-focus=true, is-clickable=true, is-enabled=true, is-focused=false, is-focusable=false, is-layout-requested=false, is-selected=false, layout-params=androidx.constraintlayout.widget.ConstraintLayout$LayoutParams&#64;YYYYYY, tag=null, root-is-layout-requested=false, has-input-connection=false, x=848.0, y=241.0, text=, input-type=0, ime-target=false, has-links=false, is-checked=false}
|
+-------&gt;ConstraintLayout{id=2131230990, res-name=linearLayout, visibility=VISIBLE, width=992, height=529, has-focus=false, has-focusable=false, has-window-focus=true, is-clickable=false, is-enabled=true, is-focused=false, is-focusable=false, is-layout-requested=false, is-selected=false, layout-params=android.widget.AbsListView$LayoutParams&#64;YYYYYY, tag=null, root-is-layout-requested=false, has-input-connection=false, x=0.0, y=532.0, child-count=6}
|
+--------&gt;TextView{id=2131230972, res-name=item_description_text, visibility=VISIBLE, width=992, height=157, has-focus=false, has-focusable=false, has-window-focus=true, is-clickable=false, is-enabled=true, is-focused=false, is-focusable=false, is-layout-requested=false, is-selected=false, layout-params=androidx.constraintlayout.widget.ConstraintLayout$LayoutParams&#64;YYYYYY, tag=null, root-is-layout-requested=false, has-input-connection=false, x=0.0, y=0.0, text=Sample Item, input-type=0, ime-target=false, has-links=false} ****MATCHES****
|
+--------&gt;TextView{id=2131230973, res-name=item_make_text, visibility=VISIBLE, width=992, height=84, has-focus=false, has-focusable=false, has-window-focus=true, is-clickable=false, is-enabled=true, is-focused=false, is-focusable=false, is-layout-requested=false, is-selected=false, layout-params=androidx.constraintlayout.widget.ConstraintLayout$LayoutParams&#64;YYYYYY, tag=null, root-is-layout-requested=false, has-input-connection=false, x=0.0, y=157.0, text=Sample Make, input-type=0, ime-target=false, has-links=false}
|
+--------&gt;TextView{id=2131230974, res-name=item_model_text, visibility=VISIBLE, width=992, height=84, has-focus=false, has-focusable=false, has-window-focus=true, is-clickable=false, is-enabled=true, is-focused=false, is-focusable=false, is-layout-requested=false, is-selected=false, layout-params=androidx.constraintlayout.widget.ConstraintLayout$LayoutParams&#64;YYYYYY, tag=null, root-is-layout-requested=false, has-input-connection=false, x=0.0, y=241.0, text=Sample Model, input-type=0, ime-target=false, has-links=false}
|
+--------&gt;TextView{id=2131230970, res-name=item_acquisition_date_text, visibility=VISIBLE, width=992, height=84, has-focus=false, has-focusable=false, has-window-focus=true, is-clickable=false, is-enabled=true, is-focused=false, is-focusable=false, is-layout-requested=false, is-selected=false, layout-params=androidx.constraintlayout.widget.ConstraintLayout$LayoutParams&#64;YYYYYY, tag=null, root-is-layout-requested=false, has-input-connection=false, x=0.0, y=325.0, text=01/01/2023, input-type=0, ime-target=false, has-links=false}
|
+--------&gt;TextView{id=2131230977, res-name=item_value_text, visibility=VISIBLE, width=992, height=120, has-focus=false, has-focusable=false, has-window-focus=true, is-clickable=false, is-enabled=true, is-focused=false, is-focusable=false, is-layout-requested=false, is-selected=false, layout-params=androidx.constraintlayout.widget.ConstraintLayout$LayoutParams&#64;YYYYYY, tag=null, root-is-layout-requested=false, has-input-connection=false, x=0.0, y=409.0, text=$1000.00, input-type=0, ime-target=false, has-links=false}
|
+--------&gt;CheckBox{id=2131230838, res-name=checkBox, visibility=INVISIBLE, width=144, height=110, has-focus=false, has-focusable=false, has-window-focus=true, is-clickable=true, is-enabled=true, is-focused=false, is-focusable=false, is-layout-requested=false, is-selected=false, layout-params=androidx.constraintlayout.widget.ConstraintLayout$LayoutParams&#64;YYYYYY, tag=null, root-is-layout-requested=false, has-input-connection=false, x=848.0, y=241.0, text=, input-type=0, ime-target=false, has-links=false, is-checked=false}
|
+------&gt;AppCompatButton{id=2131231154, res-name=select_mode_confirm, visibility=INVISIBLE, width=242, height=132, has-focus=false, has-focusable=false, has-window-focus=true, is-clickable=false, is-enabled=true, is-focused=false, is-focusable=true, is-layout-requested=false, is-selected=false, layout-params=androidx.constraintlayout.widget.ConstraintLayout$LayoutParams&#64;YYYYYY, tag=null, root-is-layout-requested=false, has-input-connection=false, x=596.0, y=1536.0, text=Confirm, input-type=0, ime-target=false, has-links=false}
|
+------&gt;AppCompatButton{id=2131231153, res-name=select_mode_cancel, visibility=INVISIBLE, width=242, height=132, has-focus=false, has-focusable=false, has-window-focus=true, is-clickable=false, is-enabled=true, is-focused=false, is-focusable=true, is-layout-requested=false, is-selected=false, layout-params=androidx.constraintlayout.widget.ConstraintLayout$LayoutParams&#64;YYYYYY, tag=null, root-is-layout-requested=false, has-input-connection=false, x=838.0, y=1536.0, text=Cancel, input-type=0, ime-target=false, has-links=false}
|
+------&gt;AppCompatTextView{id=2131230964, res-name=invalid_date_message, visibility=GONE, width=0, height=0, has-focus=false, has-focusable=false, has-window-focus=true, is-clickable=false, is-enabled=true, is-focused=false, is-focusable=false, is-layout-requested=true, is-selected=false, layout-params=androidx.constraintlayout.widget.ConstraintLayout$LayoutParams&#64;YYYYYY, tag=null, root-is-layout-requested=false, has-input-connection=false, x=0.0, y=0.0, text=Invalid Date Range, input-type=0, ime-target=false, has-links=false}
|
+------&gt;AppCompatButton{id=2131230870, res-name=date_filter_button, visibility=GONE, width=0, height=0, has-focus=false, has-focusable=false, has-window-focus=true, is-clickable=true, is-enabled=true, is-focused=false, is-focusable=true, is-layout-requested=true, is-selected=false, layout-params=androidx.constraintlayout.widget.ConstraintLayout$LayoutParams&#64;YYYYYY, tag=null, root-is-layout-requested=false, has-input-connection=false, x=0.0, y=0.0, text=Filter, input-type=0, ime-target=false, has-links=false}
|
+------&gt;AppCompatTextView{id=2131231242, res-name=total_value, visibility=VISIBLE, width=532, height=74, has-focus=false, has-focusable=false, has-window-focus=true, is-clickable=false, is-enabled=true, is-focused=false, is-focusable=false, is-layout-requested=false, is-selected=false, layout-params=androidx.constraintlayout.widget.ConstraintLayout$LayoutParams&#64;YYYYYY, tag=null, root-is-layout-requested=false, has-input-connection=false, x=504.0, y=1734.0, text=Total Value: $2000.00, input-type=0, ime-target=false, has-links=false}
|
+------&gt;AppCompatImageButton{id=2131231171, res-name=sort_button, desc=Sort, visibility=VISIBLE, width=154, height=142, has-focus=false, has-focusable=true, has-window-focus=true, is-clickable=true, is-enabled=true, is-focused=false, is-focusable=true, is-layout-requested=false, is-selected=false, layout-params=androidx.constraintlayout.widget.ConstraintLayout$LayoutParams&#64;YYYYYY, tag=null, root-is-layout-requested=false, has-input-connection=false, x=44.0, y=1700.0}
|
+------&gt;AppCompatButton{id=2131231176, res-name=sort_order_button, visibility=VISIBLE, width=242, height=132, has-focus=false, has-focusable=true, has-window-focus=true, is-clickable=true, is-enabled=true, is-focused=false, is-focusable=true, is-layout-requested=false, is-selected=false, layout-params=androidx.constraintlayout.widget.ConstraintLayout$LayoutParams&#64;YYYYYY, tag=null, root-is-layout-requested=false, has-input-connection=false, x=198.0, y=1705.0, text=Ascending, input-type=0, ime-target=false, has-links=false}
|
+----&gt;ActionBarContainer{id=2131230774, res-name=action_bar_container, visibility=VISIBLE, width=1080, height=154, has-focus=false, has-focusable=false, has-window-focus=true, is-clickable=false, is-enabled=true, is-focused=false, is-focusable=false, is-layout-requested=false, is-selected=false, layout-params=androidx.appcompat.widget.ActionBarOverlayLayout$LayoutParams&#64;YYYYYY, tag=null, root-is-layout-requested=false, has-input-connection=false, x=0.0, y=0.0, child-count=2}
|
+-----&gt;Toolbar{id=2131230772, res-name=action_bar, visibility=VISIBLE, width=1080, height=154, has-focus=false, has-focusable=false, has-window-focus=true, is-clickable=false, is-enabled=true, is-focused=false, is-focusable=false, is-layout-requested=false, is-selected=false, layout-params=android.widget.FrameLayout$LayoutParams&#64;YYYYYY, tag=null, root-is-layout-requested=false, has-input-connection=false, x=0.0, y=0.0, child-count=2}
|
+------&gt;AppCompatImageButton{id=-1, desc=Navigate up, visibility=VISIBLE, width=198, height=154, has-focus=false, has-focusable=false, has-window-focus=true, is-clickable=true, is-enabled=true, is-focused=false, is-focusable=true, is-layout-requested=false, is-selected=false, layout-params=androidx.appcompat.widget.Toolbar$LayoutParams&#64;YYYYYY, tag=null, root-is-layout-requested=false, has-input-connection=false, x=0.0, y=0.0}
|
+------&gt;ActionMenuView{id=-1, visibility=VISIBLE, width=616, height=154, has-focus=false, has-focusable=false, has-window-focus=true, is-clickable=false, is-enabled=true, is-focused=false, is-focusable=false, is-layout-requested=false, is-selected=false, layout-params=androidx.appcompat.widget.Toolbar$LayoutParams&#64;YYYYYY, tag=null, root-is-layout-requested=false, has-input-connection=false, x=464.0, y=0.0, child-count=4}
|
+-------&gt;ActionMenuItemView{id=2131230876, res-name=delete_item, desc=delete item, visibility=VISIBLE, width=154, height=132, has-focus=false, has-focusable=false, has-window-focus=true, is-clickable=true, is-enabled=true, is-focused=false, is-focusable=true, is-layout-requested=false, is-selected=false, layout-params=androidx.appcompat.widget.ActionMenuView$LayoutParams&#64;YYYYYY, tag=null, root-is-layout-requested=false, has-input-connection=false, x=0.0, y=11.0, text=, input-type=0, ime-target=false, has-links=false}
|
+-------&gt;ActionMenuItemView{id=2131230926, res-name=filter_popup, desc=filter, visibility=VISIBLE, width=154, height=132, has-focus=false, has-focusable=false, has-window-focus=true, is-clickable=true, is-enabled=true, is-focused=false, is-focusable=true, is-layout-requested=false, is-selected=false, layout-params=androidx.appcompat.widget.ActionMenuView$LayoutParams&#64;YYYYYY, tag=null, root-is-layout-requested=false, has-input-connection=false, x=154.0, y=11.0, text=, input-type=0, ime-target=false, has-links=false}
|
+-------&gt;ActionMenuItemView{id=2131231145, res-name=search_list, desc=Search, visibility=VISIBLE, width=154, height=132, has-focus=false, has-focusable=false, has-window-focus=true, is-clickable=true, is-enabled=true, is-focused=false, is-focusable=true, is-layout-requested=false, is-selected=false, layout-params=androidx.appcompat.widget.ActionMenuView$LayoutParams&#64;YYYYYY, tag=null, root-is-layout-requested=false, has-input-connection=false, x=308.0, y=11.0, text=, input-type=0, ime-target=false, has-links=false}
|
+-------&gt;ActionMenuItemView{id=2131230793, res-name=add_item, desc=Add Item, visibility=VISIBLE, width=154, height=132, has-focus=false, has-focusable=false, has-window-focus=true, is-clickable=true, is-enabled=true, is-focused=false, is-focusable=true, is-layout-requested=false, is-selected=false, layout-params=androidx.appcompat.widget.ActionMenuView$LayoutParams&#64;YYYYYY, tag=null, root-is-layout-requested=false, has-input-connection=false, x=462.0, y=11.0, text=, input-type=0, ime-target=false, has-links=false}
|
+-----&gt;ActionBarContextView{id=2131230780, res-name=action_context_bar, visibility=GONE, width=0, height=0, has-focus=false, has-focusable=false, has-window-focus=true, is-clickable=false, is-enabled=true, is-focused=false, is-focusable=false, is-layout-requested=true, is-selected=false, layout-params=android.widget.FrameLayout$LayoutParams&#64;YYYYYY, tag=null, root-is-layout-requested=false, has-input-connection=false, x=0.0, y=0.0, child-count=0}
|
+-&gt;View{id=16908336, res-name=navigationBarBackground, visibility=VISIBLE, width=1080, height=66, has-focus=false, has-focusable=false, has-window-focus=true, is-clickable=false, is-enabled=true, is-focused=false, is-focusable=false, is-layout-requested=false, is-selected=false, layout-params=android.widget.FrameLayout$LayoutParams&#64;YYYYYY, tag=null, root-is-layout-requested=false, has-input-connection=false, x=0.0, y=2094.0}
|
+-&gt;View{id=16908335, res-name=statusBarBackground, visibility=VISIBLE, width=1080, height=66, has-focus=false, has-focusable=false, has-window-focus=true, is-clickable=false, is-enabled=true, is-focused=false, is-focusable=false, is-layout-requested=false, is-selected=false, layout-params=android.widget.FrameLayout$LayoutParams&#64;YYYYYY, tag=null, root-is-layout-requested=false, has-input-connection=false, x=0.0, y=0.0}
The complete view hierarchy is available in artifact file 'view-hierarchy-2.txt'.
at androidx.test.espresso.AmbiguousViewMatcherException$Builder.build(AmbiguousViewMatcherException.java:6)
at androidx.test.espresso.base.DefaultFailureHandler.lambda$getAmbiguousViewMatcherExceptionTruncater$1(DefaultFailureHandler.java:5)
at androidx.test.espresso.base.DefaultFailureHandler$$ExternalSyntheticLambda0.truncateExceptionMessage(Unknown Source:2)
at androidx.test.espresso.base.ViewHierarchyExceptionHandler.handleSafely(ViewHierarchyExceptionHandler.java:5)
at androidx.test.espresso.base.ViewHierarchyExceptionHandler.handleSafely(ViewHierarchyExceptionHandler.java:1)
at androidx.test.espresso.base.DefaultFailureHandler$TypedFailureHandler.handle(DefaultFailureHandler.java:4)
at androidx.test.espresso.base.DefaultFailureHandler.handle(DefaultFailureHandler.java:5)
at androidx.test.espresso.ViewInteraction.waitForAndHandleInteractionResults(ViewInteraction.java:8)
at androidx.test.espresso.ViewInteraction.desugaredPerform(ViewInteraction.java:11)
at androidx.test.espresso.ViewInteraction.perform(ViewInteraction.java:8)
at com.example.breadheadsinventorymanager.ItemDetailsActivityTest.testBackButton(ItemDetailsActivityTest.java:57)</failure>
  </testcase>
</testsuite>