<?xml version="1.0" encoding="UTF-8"?>
<testsuite name="com.example.breadheadsinventorymanager.TagTest" tests="4" skipped="0" failures="0" errors="0" timestamp="2023-11-09T23:43:19" hostname="DESKTOP-5SVNHEG" time="0.002">
  <properties/>
  <testcase name="testToString" classname="com.example.breadheadsinventorymanager.TagTest" time="0.002"/>
  <testcase name="testGetTag" classname="com.example.breadheadsinventorymanager.TagTest" time="0.0"/>
  <testcase name="testSetTag" classname="com.example.breadheadsinventorymanager.TagTest" time="0.0"/>
  <testcase name="testConstructor" classname="com.example.breadheadsinventorymanager.TagTest" time="0.0"/>
  <system-out><![CDATA[]]></system-out>
  <system-err><![CDATA[]]></system-err>
</testsuite>
